<?xml version="1.0" encoding="UTF-8"?>
<testng-results skipped="0" failed="0" total="1" passed="1">
  <reporter-output>
  </reporter-output>
  <suite name="Default suite" duration-ms="5737" started-at="2017-09-04T15:28:27Z" finished-at="2017-09-04T15:28:33Z">
    <groups>
    </groups>
    <test name="Default test" duration-ms="5737" started-at="2017-09-04T15:28:27Z" finished-at="2017-09-04T15:28:33Z">
      <class name="com.automatoinpractice.tests.VerifyShoppingCart">
        <test-method status="PASS" signature="initializeDriver()[pri:0, instance:com.automatoinpractice.tests.VerifyShoppingCart@4b9e13df]" name="initializeDriver" is-config="true" duration-ms="4733" started-at="2017-09-04T11:28:27Z" finished-at="2017-09-04T11:28:32Z">
          <reporter-output>
          </reporter-output>
        </test-method> <!-- initializeDriver -->
        <test-method status="PASS" signature="canBuy()[pri:0, instance:com.automatoinpractice.tests.VerifyShoppingCart@4b9e13df]" name="canBuy" duration-ms="990" started-at="2017-09-04T11:28:32Z" finished-at="2017-09-04T11:28:33Z">
          <reporter-output>
          </reporter-output>
        </test-method> <!-- canBuy -->
      </class> <!-- com.automatoinpractice.tests.VerifyShoppingCart -->
    </test> <!-- Default test -->
  </suite> <!-- Default suite -->
</testng-results>
